0 info it worked if it ends with ok
1 verbose cli [ '/usr/local/Cellar/node/7.4.0/bin/node',
1 verbose cli   '/usr/local/bin/npm',
1 verbose cli   'publish' ]
2 info using npm@4.0.5
3 info using node@v7.4.0
4 verbose publish [ '.' ]
5 silly cache add args [ '.', null ]
6 verbose cache add spec .
7 silly cache add parsed spec Result {
7 silly cache add   raw: '.',
7 silly cache add   scope: null,
7 silly cache add   escapedName: null,
7 silly cache add   name: null,
7 silly cache add   rawSpec: '.',
7 silly cache add   spec: '/Users/Adam/repos/git-down',
7 silly cache add   type: 'directory' }
8 verbose addLocalDirectory /Users/Adam/.npm/git-down/0.0.2/package.tgz not in flight; packing
9 verbose correctMkdir /Users/Adam/.npm correctMkdir not in flight; initializing
10 info lifecycle git-down@0.0.2~prepublish: git-down@0.0.2
11 silly lifecycle git-down@0.0.2~prepublish: no script for prepublish, continuing
12 info lifecycle git-down@0.0.2~prepare: git-down@0.0.2
13 silly lifecycle git-down@0.0.2~prepare: no script for prepare, continuing
14 verbose tar pack [ '/Users/Adam/.npm/git-down/0.0.2/package.tgz',
14 verbose tar pack   '/Users/Adam/repos/git-down' ]
15 verbose tarball /Users/Adam/.npm/git-down/0.0.2/package.tgz
16 verbose folder /Users/Adam/repos/git-down
17 verbose addLocalTarball adding from inside cache /Users/Adam/.npm/git-down/0.0.2/package.tgz
18 verbose correctMkdir /Users/Adam/.npm correctMkdir not in flight; initializing
19 silly cache afterAdd git-down@0.0.2
20 verbose afterAdd /Users/Adam/.npm/git-down/0.0.2/package/package.json not in flight; writing
21 verbose correctMkdir /Users/Adam/.npm correctMkdir not in flight; initializing
22 verbose afterAdd /Users/Adam/.npm/git-down/0.0.2/package/package.json written
23 silly publish { name: 'git-down',
23 silly publish   private: true,
23 silly publish   version: '0.0.2',
23 silly publish   description: '**So git up git, git git down MD files are a joke in yo town.** <br/><br/>',
23 silly publish   main: 'index.js',
23 silly publish   scripts: { start: 'electron index.js' },
23 silly publish   author: '',
23 silly publish   license: 'ISC',
23 silly publish   devDependencies: { electron: '^1.4.15' },
23 silly publish   dependencies:
23 silly publish    { 'give-parents': '^1.0.2',
23 silly publish      jquery: '^3.1.1',
23 silly publish      showdown: '^1.6.0',
23 silly publish      'velocity-animate': '^1.4.0' },
23 silly publish   readme: '#Git Down! \n\n**So git up git, git git down MD files are a joke in yo town.**\n<br/><br/>\n\n...But i still need to write them to make proper READMEs for Github...\n\nso I made this editor, with a preview pane, which has a clone of Githubs styles.\n\n<hr/>\n\n![](https://raw.githubusercontent.com/adammeola01/git-down/master/screen.png)',
23 silly publish   readmeFilename: 'README.md',
23 silly publish   gitHead: '48b1b7825beae720496fae6b50fb026e50cc04ab',
23 silly publish   _id: 'git-down@0.0.2',
23 silly publish   _shasum: 'ced40823f9d8007362e070b45d9ecfab5147ee16',
23 silly publish   _from: '.' }
24 info lifecycle git-down@0.0.2~prepublishOnly: git-down@0.0.2
25 silly lifecycle git-down@0.0.2~prepublishOnly: no script for prepublishOnly, continuing
26 verbose getPublishConfig undefined
27 verbose stack Error: This package has been marked as private
27 verbose stack Remove the 'private' field from the package.json to publish it.
27 verbose stack     at publish_ (/usr/local/lib/node_modules/npm/lib/publish.js:102:15)
27 verbose stack     at Array.<anonymous> (/usr/local/lib/node_modules/npm/node_modules/slide/lib/bind-actor.js:15:8)
27 verbose stack     at LOOP (/usr/local/lib/node_modules/npm/node_modules/slide/lib/chain.js:15:14)
27 verbose stack     at /usr/local/lib/node_modules/npm/node_modules/slide/lib/chain.js:18:7
27 verbose stack     at done (/usr/local/lib/node_modules/npm/lib/utils/lifecycle.js:132:5)
27 verbose stack     at LOOP (/usr/local/lib/node_modules/npm/node_modules/slide/lib/chain.js:7:26)
27 verbose stack     at /usr/local/lib/node_modules/npm/node_modules/slide/lib/chain.js:18:7
27 verbose stack     at /usr/local/lib/node_modules/npm/lib/utils/lifecycle.js:318:20
27 verbose stack     at /usr/local/lib/node_modules/npm/node_modules/graceful-fs/polyfills.js:284:29
27 verbose stack     at FSReqWrap.oncomplete (fs.js:112:15)
28 verbose cwd /Users/Adam/repos/git-down
29 error Darwin 14.5.0
30 error argv "/usr/local/Cellar/node/7.4.0/bin/node" "/usr/local/bin/npm" "publish"
31 error node v7.4.0
32 error npm  v4.0.5
33 error This package has been marked as private
33 error Remove the 'private' field from the package.json to publish it.
34 error If you need help, you may report this error at:
34 error     <https://github.com/npm/npm/issues>
35 verbose exit [ 1, true ]
